2018-09-13 14:05:08 INFO  PostsCtrl:34 - /posts -GET  getAllPosts()
2018-09-13 14:05:08 INFO  PostsService:38 - PostsService - getAllPosts()
2018-09-13 14:49:55 INFO  PostsCtrl:93 - /posts/category/9 - GET  getPostByCategoryId()
2018-09-13 14:49:55 INFO  PostsService:111 - PostsService - getPostByCategoryId()
2018-09-13 14:50:20 INFO  PostsCtrl:93 - /posts/category/221 - GET  getPostByCategoryId()
2018-09-13 14:50:20 INFO  PostsService:111 - PostsService - getPostByCategoryId()
2018-09-13 14:51:16 INFO  PostsCtrl:46 - /posts -POST  newPost()
2018-09-13 14:51:16 INFO  PostsService:49 - PostsService - newPost()
2018-09-13 14:53:10 INFO  PostsCtrl:46 - /posts -POST  newPost()
2018-09-13 14:53:10 INFO  PostsService:49 - PostsService - newPost()
2018-09-13 14:55:36 INFO  PostsCtrl:46 - /posts -POST  newPost()
2018-09-13 14:55:36 INFO  PostsService:49 - PostsService - newPost()
2018-09-13 14:56:03 INFO  PostsCtrl:34 - /posts -GET  getAllPosts()
2018-09-13 14:56:03 INFO  PostsService:38 - PostsService - getAllPosts()
2018-09-13 14:56:24 INFO  PostsCtrl:34 - /posts -GET  getAllPosts()
2018-09-13 14:56:24 INFO  PostsService:38 - PostsService - getAllPosts()
2018-09-14 15:06:36 INFO  UsersCtrl:56 - /users - GET  getAllUsers()
2018-09-14 15:06:36 INFO  UsersService:108 - usersService - getAllUsers()
2018-09-16 16:42:20 INFO  PostsCtrl:34 - /posts -GET  getAllPosts()
2018-09-16 16:42:20 INFO  PostsService:38 - PostsService - getAllPosts()
2018-09-16 18:32:58 INFO  UsersService:45 - usersService - registerUser()
2018-09-16 18:32:58 INFO  UsersService:64 - usersService - generateRandomString()
2018-09-16 19:03:55 INFO  PostsCtrl:33 - /posts -GET  getAllPosts()
2018-09-16 19:03:55 INFO  PostsService:39 - PostsService - getAllPosts()
2018-09-16 19:08:21 INFO  PostsCtrl:68 - /posts - DELETE  deletePost()
2018-09-16 19:08:21 INFO  PostsService:103 - PostsService - deletePost()
2018-09-16 19:08:30 INFO  PostsCtrl:33 - /posts -GET  getAllPosts()
2018-09-16 19:08:30 INFO  PostsService:39 - PostsService - getAllPosts()
2018-09-16 19:14:16 INFO  PostsCtrl:33 - /posts -GET  getAllPosts()
2018-09-16 19:14:16 INFO  PostsService:39 - PostsService - getAllPosts()
2018-09-16 19:15:16 INFO  PostsCtrl:68 - /posts - DELETE  deletePost()
2018-09-16 19:15:16 INFO  PostsService:103 - PostsService - deletePost()
2018-09-17 10:06:36 INFO  PostsCtrl:57 - /posts - PUT  updatePost()
2018-09-17 10:06:36 INFO  PostsService:90 - PostsService - updatePost()
2018-09-17 10:07:32 INFO  PostsCtrl:57 - /posts - PUT  updatePost()
2018-09-17 10:07:32 INFO  PostsService:90 - PostsService - updatePost()
2018-09-17 10:08:46 INFO  PostsCtrl:57 - /posts - PUT  updatePost()
2018-09-17 10:08:46 INFO  PostsService:90 - PostsService - updatePost()
2018-09-17 10:09:23 INFO  PostsCtrl:57 - /posts - PUT  updatePost()
2018-09-17 10:09:23 INFO  PostsService:90 - PostsService - updatePost()
